  Main.c
C:\Users\Usuario\Downloads\sc-2410-evalu2-skullls\vidiojogo\vidiojogo\Main.c(94,29): warning C4305: '-=': truncamiento de 'double' a 'float'
C:\Users\Usuario\Downloads\sc-2410-evalu2-skullls\vidiojogo\vidiojogo\Main.c(98,29): warning C4305: '+=': truncamiento de 'double' a 'float'
C:\Users\Usuario\Downloads\sc-2410-evalu2-skullls\vidiojogo\vidiojogo\Main.c(103,29): warning C4305: '-=': truncamiento de 'double' a 'float'
C:\Users\Usuario\Downloads\sc-2410-evalu2-skullls\vidiojogo\vidiojogo\Main.c(109,29): warning C4305: '+=': truncamiento de 'double' a 'float'
C:\Users\Usuario\Downloads\sc-2410-evalu2-skullls\vidiojogo\vidiojogo\Main.c(116,28): warning C4305: '-=': truncamiento de 'double' a 'float'
C:\Users\Usuario\Downloads\sc-2410-evalu2-skullls\vidiojogo\vidiojogo\Main.c(120,28): warning C4305: '+=': truncamiento de 'double' a 'float'
C:\Users\Usuario\Downloads\sc-2410-evalu2-skullls\vidiojogo\vidiojogo\Main.c(125,28): warning C4305: '-=': truncamiento de 'double' a 'float'
C:\Users\Usuario\Downloads\sc-2410-evalu2-skullls\vidiojogo\vidiojogo\Main.c(129,28): warning C4305: '+=': truncamiento de 'double' a 'float'
C:\Users\Usuario\Downloads\sc-2410-evalu2-skullls\vidiojogo\vidiojogo\Main.c(158,58): warning C4244: '=': conversión de 'int' a 'float'; posible pérdida de datos
C:\Users\Usuario\Downloads\sc-2410-evalu2-skullls\vidiojogo\vidiojogo\Main.c(159,30): warning C4244: '=': conversión de 'int' a 'float'; posible pérdida de datos
C:\Users\Usuario\Downloads\sc-2410-evalu2-skullls\vidiojogo\vidiojogo\Main.c(160,29): warning C4244: '=': conversión de 'int' a 'float'; posible pérdida de datos
C:\Users\Usuario\Downloads\sc-2410-evalu2-skullls\vidiojogo\vidiojogo\Main.c(162,37): warning C4244: '=': conversión de 'int' a 'float'; posible pérdida de datos
C:\Users\Usuario\Downloads\sc-2410-evalu2-skullls\vidiojogo\vidiojogo\Main.c(163,56): warning C4244: '=': conversión de 'int' a 'float'; posible pérdida de datos
C:\Users\Usuario\Downloads\sc-2410-evalu2-skullls\vidiojogo\vidiojogo\Main.c(164,28): warning C4244: '=': conversión de 'int' a 'float'; posible pérdida de datos
C:\Users\Usuario\Downloads\sc-2410-evalu2-skullls\vidiojogo\vidiojogo\Main.c(165,27): warning C4244: '=': conversión de 'int' a 'float'; posible pérdida de datos
C:\Users\Usuario\Downloads\sc-2410-evalu2-skullls\vidiojogo\vidiojogo\Main.c(170,56): warning C4244: 'inicializando': conversión de 'double' a 'float'; posible pérdida de datos
C:\Users\Usuario\Downloads\sc-2410-evalu2-skullls\vidiojogo\vidiojogo\Main.c(276,56): warning C4244: 'inicializando': conversión de 'float' a 'int'; posible pérdida de datos
C:\Users\Usuario\Downloads\sc-2410-evalu2-skullls\vidiojogo\vidiojogo\Main.c(276,76): warning C4244: 'inicializando': conversión de 'float' a 'int'; posible pérdida de datos
C:\Users\Usuario\Downloads\sc-2410-evalu2-skullls\vidiojogo\vidiojogo\Main.c(276,96): warning C4244: 'inicializando': conversión de 'float' a 'int'; posible pérdida de datos
C:\Users\Usuario\Downloads\sc-2410-evalu2-skullls\vidiojogo\vidiojogo\Main.c(276,120): warning C4244: 'inicializando': conversión de 'float' a 'int'; posible pérdida de datos
C:\Users\Usuario\Downloads\sc-2410-evalu2-skullls\vidiojogo\vidiojogo\Main.c(277,52): warning C4244: 'inicializando': conversión de 'float' a 'int'; posible pérdida de datos
C:\Users\Usuario\Downloads\sc-2410-evalu2-skullls\vidiojogo\vidiojogo\Main.c(277,70): warning C4244: 'inicializando': conversión de 'float' a 'int'; posible pérdida de datos
C:\Users\Usuario\Downloads\sc-2410-evalu2-skullls\vidiojogo\vidiojogo\Main.c(277,88): warning C4244: 'inicializando': conversión de 'float' a 'int'; posible pérdida de datos
C:\Users\Usuario\Downloads\sc-2410-evalu2-skullls\vidiojogo\vidiojogo\Main.c(277,110): warning C4244: 'inicializando': conversión de 'float' a 'int'; posible pérdida de datos
C:\Users\Usuario\Downloads\sc-2410-evalu2-skullls\vidiojogo\vidiojogo\Main.c(287,44): warning C4244: 'inicializando': conversión de 'float' a 'int'; posible pérdida de datos
C:\Users\Usuario\Downloads\sc-2410-evalu2-skullls\vidiojogo\vidiojogo\Main.c(287,58): warning C4244: 'inicializando': conversión de 'float' a 'int'; posible pérdida de datos
C:\Users\Usuario\Downloads\sc-2410-evalu2-skullls\vidiojogo\vidiojogo\Main.c(287,72): warning C4244: 'inicializando': conversión de 'float' a 'int'; posible pérdida de datos
C:\Users\Usuario\Downloads\sc-2410-evalu2-skullls\vidiojogo\vidiojogo\Main.c(287,90): warning C4244: 'inicializando': conversión de 'float' a 'int'; posible pérdida de datos
C:\Users\Usuario\Downloads\sc-2410-evalu2-skullls\vidiojogo\vidiojogo\Main.c(288,46): warning C4244: 'inicializando': conversión de 'float' a 'int'; posible pérdida de datos
C:\Users\Usuario\Downloads\sc-2410-evalu2-skullls\vidiojogo\vidiojogo\Main.c(288,61): warning C4244: 'inicializando': conversión de 'float' a 'int'; posible pérdida de datos
C:\Users\Usuario\Downloads\sc-2410-evalu2-skullls\vidiojogo\vidiojogo\Main.c(288,76): warning C4244: 'inicializando': conversión de 'float' a 'int'; posible pérdida de datos
C:\Users\Usuario\Downloads\sc-2410-evalu2-skullls\vidiojogo\vidiojogo\Main.c(288,95): warning C4244: 'inicializando': conversión de 'float' a 'int'; posible pérdida de datos
  vidiojogo.vcxproj -> C:\Users\Usuario\Downloads\sc-2410-evalu2-skullls\vidiojogo\x64\Debug\vidiojogo.exe
